{"level":"info","message":"Created Instance of IngredientsDialog","timestamp":"2017-09-15T22:52:41.355Z"}
{"level":"info","message":"Created Instance of IngredientsDialog","timestamp":"2017-09-15T22:52:41.356Z"}
{"level":"info","message":"Created Instance of IngredientsDialog","timestamp":"2017-09-15T22:52:41.357Z"}
{"level":"info","message":"Created Instance of IngredientsDialog","timestamp":"2017-09-15T22:52:41.357Z"}
{"level":"info","message":"Created Instance of HelpDialog","timestamp":"2017-09-15T22:52:41.358Z"}
{"level":"info","message":"Created Instance of IngredientsDialog","timestamp":"2017-09-15T22:53:24.650Z"}
{"level":"info","message":"Created Instance of IngredientsDialog","timestamp":"2017-09-15T22:53:24.652Z"}
{"level":"info","message":"Created Instance of IngredientsDialog","timestamp":"2017-09-15T22:53:24.652Z"}
{"level":"info","message":"Created Instance of IngredientsDialog","timestamp":"2017-09-15T22:53:24.653Z"}
{"level":"info","message":"Created Instance of HelpDialog","timestamp":"2017-09-15T22:53:24.653Z"}
{"level":"info","message":"Created Instance of IngredientsDialog","timestamp":"2017-09-15T22:53:40.684Z"}
{"level":"info","message":"Created Instance of IngredientsDialog","timestamp":"2017-09-15T22:53:40.686Z"}
{"level":"info","message":"Created Instance of IngredientsDialog","timestamp":"2017-09-15T22:53:40.686Z"}
{"level":"info","message":"Created Instance of IngredientsDialog","timestamp":"2017-09-15T22:53:40.687Z"}
{"level":"info","message":"Created Instance of HelpDialog","timestamp":"2017-09-15T22:53:40.687Z"}
{"level":"info","message":"Created Instance of IngredientsDialog","timestamp":"2017-09-15T23:27:39.394Z"}
{"level":"info","message":"Created Instance of IngredientsDialog","timestamp":"2017-09-15T23:27:39.411Z"}
{"level":"info","message":"Created Instance of IngredientsDialog","timestamp":"2017-09-15T23:27:39.425Z"}
{"level":"info","message":"Created Instance of IngredientsDialog","timestamp":"2017-09-15T23:27:39.438Z"}
{"level":"info","message":"Created Instance of HelpDialog","timestamp":"2017-09-15T23:27:39.451Z"}
{"level":"info","message":"Created Instance of IngredientsDialog","timestamp":"2017-09-15T23:35:45.007Z"}
{"level":"info","message":"Created Instance of IngredientsDialog","timestamp":"2017-09-15T23:35:45.008Z"}
{"level":"info","message":"Created Instance of IngredientsDialog","timestamp":"2017-09-15T23:35:45.009Z"}
{"level":"info","message":"Created Instance of IngredientsDialog","timestamp":"2017-09-15T23:35:45.009Z"}
{"level":"info","message":"Created Instance of HelpDialog","timestamp":"2017-09-15T23:35:45.010Z"}
{"level":"info","message":"Created Instance of IngredientsDialog","timestamp":"2017-09-15T23:36:18.228Z"}
{"level":"info","message":"Created Instance of IngredientsDialog","timestamp":"2017-09-15T23:36:18.230Z"}
{"level":"info","message":"Created Instance of IngredientsDialog","timestamp":"2017-09-15T23:36:18.231Z"}
{"level":"info","message":"Created Instance of IngredientsDialog","timestamp":"2017-09-15T23:36:18.231Z"}
{"level":"info","message":"Created Instance of HelpDialog","timestamp":"2017-09-15T23:36:18.232Z"}
{"level":"info","message":"Created Instance of startDialog","timestamp":"2017-09-15T23:38:28.171Z"}
{"level":"info","message":"Created Instance of recipesDialog","timestamp":"2017-09-15T23:38:28.172Z"}
{"level":"info","message":"Created Instance of IngredientsDialog","timestamp":"2017-09-15T23:38:28.173Z"}
{"level":"info","message":"Created Instance of cookingDialog","timestamp":"2017-09-15T23:38:28.173Z"}
{"level":"info","message":"Created Instance of HelpDialog","timestamp":"2017-09-15T23:38:28.173Z"}
{"level":"info","message":"Created Instance of startDialog","timestamp":"2017-09-15T23:39:35.857Z"}
{"level":"info","message":"Created Instance of recipesDialog","timestamp":"2017-09-15T23:39:35.859Z"}
{"level":"info","message":"Created Instance of IngredientsDialog","timestamp":"2017-09-15T23:39:35.859Z"}
{"level":"info","message":"Created Instance of cookingDialog","timestamp":"2017-09-15T23:39:35.860Z"}
{"level":"info","message":"Created Instance of HelpDialog","timestamp":"2017-09-15T23:39:35.860Z"}
{"level":"info","message":"Created Instance of startDialog","timestamp":"2017-09-15T23:41:31.560Z"}
{"level":"info","message":"Created Instance of recipesDialog","timestamp":"2017-09-15T23:41:31.561Z"}
{"level":"info","message":"Created Instance of IngredientsDialog","timestamp":"2017-09-15T23:41:31.562Z"}
{"level":"info","message":"Created Instance of cookingDialog","timestamp":"2017-09-15T23:41:31.562Z"}
{"level":"info","message":"Created Instance of HelpDialog","timestamp":"2017-09-15T23:41:31.562Z"}
{"level":"info","message":"restify listening to http://127.0.0.1:3978","timestamp":"2017-09-15T23:41:31.578Z"}
{"level":"info","message":"Created Instance of startDialog","timestamp":"2017-09-16T00:55:31.482Z"}
{"level":"info","message":"Created Instance of recipesDialog","timestamp":"2017-09-16T00:55:31.486Z"}
{"level":"info","message":"Created Instance of IngredientsDialog","timestamp":"2017-09-16T00:55:31.489Z"}
{"level":"info","message":"Created Instance of cookingDialog","timestamp":"2017-09-16T00:55:31.492Z"}
{"level":"info","message":"Created Instance of HelpDialog","timestamp":"2017-09-16T00:55:31.493Z"}
{"level":"info","message":"restify listening to http://127.0.0.1:3978","timestamp":"2017-09-16T00:55:31.512Z"}
{"level":"info","message":"Created Instance of startDialog","timestamp":"2017-09-16T01:17:22.171Z"}
{"level":"info","message":"Created Instance of recipesDialog","timestamp":"2017-09-16T01:17:22.177Z"}
{"level":"info","message":"Created Instance of IngredientsDialog","timestamp":"2017-09-16T01:17:22.237Z"}
{"level":"info","message":"Created Instance of cookingDialog","timestamp":"2017-09-16T01:17:22.240Z"}
{"level":"info","message":"Created Instance of HelpDialog","timestamp":"2017-09-16T01:17:22.241Z"}
{"level":"info","message":"restify listening to http://127.0.0.1:3978","timestamp":"2017-09-16T01:17:22.257Z"}
{"level":"info","message":"Created Instance of startDialog","timestamp":"2017-09-16T01:22:32.058Z"}
{"level":"info","message":"Created Instance of recipesDialog","timestamp":"2017-09-16T01:22:32.063Z"}
{"level":"info","message":"Created Instance of IngredientsDialog","timestamp":"2017-09-16T01:22:32.129Z"}
{"level":"info","message":"Created Instance of cookingDialog","timestamp":"2017-09-16T01:22:32.131Z"}
{"level":"info","message":"Created Instance of HelpDialog","timestamp":"2017-09-16T01:22:32.131Z"}
{"level":"info","message":"restify listening to http://127.0.0.1:3978","timestamp":"2017-09-16T01:22:32.149Z"}
{"level":"info","message":"Created Instance of startDialog","timestamp":"2017-09-16T01:25:32.534Z"}
{"level":"info","message":"Created Instance of recipesDialog","timestamp":"2017-09-16T01:25:32.540Z"}
{"level":"info","message":"Created Instance of IngredientsDialog","timestamp":"2017-09-16T01:25:32.631Z"}
{"level":"info","message":"Created Instance of cookingDialog","timestamp":"2017-09-16T01:25:32.634Z"}
{"level":"info","message":"Created Instance of HelpDialog","timestamp":"2017-09-16T01:25:32.635Z"}
{"level":"info","message":"restify listening to http://127.0.0.1:3978","timestamp":"2017-09-16T01:25:32.655Z"}
{"level":"info","message":"Created Instance of startDialog","timestamp":"2017-09-16T02:25:59.412Z"}
{"level":"info","message":"Created Instance of recipesDialog","timestamp":"2017-09-16T02:25:59.412Z"}
{"level":"info","message":"Created Instance of IngredientsDialog","timestamp":"2017-09-16T02:25:59.412Z"}
{"level":"info","message":"Created Instance of cookingDialog","timestamp":"2017-09-16T02:25:59.412Z"}
{"level":"info","message":"Created Instance of HelpDialog","timestamp":"2017-09-16T02:25:59.412Z"}
{"level":"info","message":"restify listening to http://127.0.0.1:3978","timestamp":"2017-09-16T02:25:59.427Z"}
{"level":"info","message":"Created Instance of startDialog","timestamp":"2017-09-16T02:28:54.813Z"}
{"level":"info","message":"Created Instance of recipesDialog","timestamp":"2017-09-16T02:28:54.819Z"}
{"level":"info","message":"Created Instance of IngredientsDialog","timestamp":"2017-09-16T02:28:54.821Z"}
{"level":"info","message":"Created Instance of cookingDialog","timestamp":"2017-09-16T02:28:54.822Z"}
{"level":"info","message":"Created Instance of HelpDialog","timestamp":"2017-09-16T02:28:54.824Z"}
{"level":"info","message":"restify listening to http://127.0.0.1:3978","timestamp":"2017-09-16T02:28:54.859Z"}
{"level":"info","message":"Created Instance of startDialog","timestamp":"2017-09-16T02:30:46.657Z"}
{"level":"info","message":"Created Instance of recipesDialog","timestamp":"2017-09-16T02:30:46.664Z"}
{"level":"info","message":"Created Instance of IngredientsDialog","timestamp":"2017-09-16T02:30:46.666Z"}
{"level":"info","message":"Created Instance of cookingDialog","timestamp":"2017-09-16T02:30:46.667Z"}
{"level":"info","message":"Created Instance of HelpDialog","timestamp":"2017-09-16T02:30:46.669Z"}
{"level":"info","message":"restify listening to http://127.0.0.1:3978","timestamp":"2017-09-16T02:30:46.701Z"}
{"level":"info","message":"Created Instance of startDialog","timestamp":"2017-09-16T02:37:15.030Z"}
{"level":"info","message":"Created Instance of startDialog","timestamp":"2017-09-16T02:37:37.987Z"}
{"level":"info","message":"Created Instance of startDialog","timestamp":"2017-09-16T02:38:34.863Z"}
{"level":"info","message":"Created Instance of recipesDialog","timestamp":"2017-09-16T02:38:34.863Z"}
{"level":"info","message":"Created Instance of IngredientsDialog","timestamp":"2017-09-16T02:38:34.863Z"}
{"level":"info","message":"Created Instance of cookingDialog","timestamp":"2017-09-16T02:38:34.863Z"}
{"level":"info","message":"Created Instance of HelpDialog","timestamp":"2017-09-16T02:38:34.863Z"}
{"level":"info","message":"restify listening to http://127.0.0.1:3978","timestamp":"2017-09-16T02:38:34.894Z"}
{"level":"info","message":"Created Instance of startDialog","timestamp":"2017-09-16T02:40:48.873Z"}
{"level":"info","message":"Created Instance of recipesDialog","timestamp":"2017-09-16T02:40:48.873Z"}
{"level":"info","message":"Created Instance of IngredientsDialog","timestamp":"2017-09-16T02:40:48.873Z"}
{"level":"info","message":"Created Instance of cookingDialog","timestamp":"2017-09-16T02:40:48.873Z"}
{"level":"info","message":"Created Instance of HelpDialog","timestamp":"2017-09-16T02:40:48.873Z"}
{"level":"info","message":"restify listening to http://127.0.0.1:3978","timestamp":"2017-09-16T02:40:48.904Z"}
{"level":"info","message":"Created Instance of startDialog","timestamp":"2017-09-16T02:49:16.435Z"}
{"level":"info","message":"Created Instance of recipesDialog","timestamp":"2017-09-16T02:49:16.435Z"}
{"level":"info","message":"Created Instance of IngredientsDialog","timestamp":"2017-09-16T02:49:16.435Z"}
{"level":"info","message":"Created Instance of cookingDialog","timestamp":"2017-09-16T02:49:16.435Z"}
{"level":"info","message":"Created Instance of HelpDialog","timestamp":"2017-09-16T02:49:16.435Z"}
{"level":"info","message":"restify listening to http://127.0.0.1:3978","timestamp":"2017-09-16T02:49:16.466Z"}
{"level":"info","message":"Created Instance of startDialog","timestamp":"2017-09-16T02:49:43.797Z"}
{"level":"info","message":"Created Instance of recipesDialog","timestamp":"2017-09-16T02:49:43.797Z"}
{"level":"info","message":"Created Instance of IngredientsDialog","timestamp":"2017-09-16T02:49:43.797Z"}
{"level":"info","message":"Created Instance of cookingDialog","timestamp":"2017-09-16T02:49:43.797Z"}
{"level":"info","message":"Created Instance of HelpDialog","timestamp":"2017-09-16T02:49:43.797Z"}
{"level":"info","message":"restify listening to http://127.0.0.1:3978","timestamp":"2017-09-16T02:49:43.813Z"}
{"level":"info","message":"Created Instance of startDialog","timestamp":"2017-09-16T02:52:20.951Z"}
{"level":"info","message":"Created Instance of recipesDialog","timestamp":"2017-09-16T02:52:20.956Z"}
{"level":"info","message":"Created Instance of IngredientsDialog","timestamp":"2017-09-16T02:52:20.958Z"}
{"level":"info","message":"Created Instance of cookingDialog","timestamp":"2017-09-16T02:52:20.959Z"}
{"level":"info","message":"Created Instance of HelpDialog","timestamp":"2017-09-16T02:52:20.960Z"}
{"level":"info","message":"restify listening to http://127.0.0.1:3978","timestamp":"2017-09-16T02:52:20.993Z"}
{"level":"info","message":"Created Instance of startDialog","timestamp":"2017-09-16T02:53:21.125Z"}
{"level":"info","message":"Created Instance of recipesDialog","timestamp":"2017-09-16T02:53:21.131Z"}
{"level":"info","message":"Created Instance of IngredientsDialog","timestamp":"2017-09-16T02:53:21.133Z"}
{"level":"info","message":"Created Instance of cookingDialog","timestamp":"2017-09-16T02:53:21.134Z"}
{"level":"info","message":"Created Instance of HelpDialog","timestamp":"2017-09-16T02:53:21.135Z"}
{"level":"info","message":"restify listening to http://127.0.0.1:3978","timestamp":"2017-09-16T02:53:21.164Z"}
{"level":"info","message":"Created Instance of startDialog","timestamp":"2017-09-16T02:58:11.117Z"}
{"level":"info","message":"Created Instance of recipesDialog","timestamp":"2017-09-16T02:58:11.117Z"}
{"level":"info","message":"Created Instance of IngredientsDialog","timestamp":"2017-09-16T02:58:11.117Z"}
{"level":"info","message":"Created Instance of cookingDialog","timestamp":"2017-09-16T02:58:11.117Z"}
{"level":"info","message":"Created Instance of HelpDialog","timestamp":"2017-09-16T02:58:11.117Z"}
{"level":"info","message":"restify listening to http://127.0.0.1:3978","timestamp":"2017-09-16T02:58:11.148Z"}
{"level":"info","message":"Created Instance of startDialog","timestamp":"2017-09-16T02:58:26.811Z"}
{"level":"info","message":"Created Instance of recipesDialog","timestamp":"2017-09-16T02:58:26.811Z"}
{"level":"info","message":"Created Instance of IngredientsDialog","timestamp":"2017-09-16T02:58:26.811Z"}
{"level":"info","message":"Created Instance of cookingDialog","timestamp":"2017-09-16T02:58:26.811Z"}
{"level":"info","message":"Created Instance of HelpDialog","timestamp":"2017-09-16T02:58:26.811Z"}
{"level":"info","message":"restify listening to http://127.0.0.1:3978","timestamp":"2017-09-16T02:58:26.833Z"}
{"level":"info","message":"Created Instance of startDialog","timestamp":"2017-09-16T02:59:01.909Z"}
{"level":"info","message":"Created Instance of recipesDialog","timestamp":"2017-09-16T02:59:01.925Z"}
{"level":"info","message":"Created Instance of IngredientsDialog","timestamp":"2017-09-16T02:59:01.925Z"}
{"level":"info","message":"Created Instance of cookingDialog","timestamp":"2017-09-16T02:59:01.925Z"}
{"level":"info","message":"Created Instance of HelpDialog","timestamp":"2017-09-16T02:59:01.925Z"}
{"level":"info","message":"restify listening to http://127.0.0.1:3978","timestamp":"2017-09-16T02:59:01.941Z"}
{"level":"info","message":"Created Instance of startDialog","timestamp":"2017-09-16T02:59:45.869Z"}
{"level":"info","message":"Created Instance of recipesDialog","timestamp":"2017-09-16T02:59:45.884Z"}
{"level":"info","message":"Created Instance of IngredientsDialog","timestamp":"2017-09-16T02:59:45.884Z"}
{"level":"info","message":"Created Instance of cookingDialog","timestamp":"2017-09-16T02:59:45.884Z"}
{"level":"info","message":"Created Instance of HelpDialog","timestamp":"2017-09-16T02:59:45.884Z"}
{"level":"info","message":"restify listening to http://127.0.0.1:3978","timestamp":"2017-09-16T02:59:45.906Z"}
{"level":"info","message":"Created Instance of startDialog","timestamp":"2017-09-16T03:01:38.555Z"}
{"level":"info","message":"Created Instance of recipesDialog","timestamp":"2017-09-16T03:01:38.558Z"}
{"level":"info","message":"Created Instance of IngredientsDialog","timestamp":"2017-09-16T03:01:38.558Z"}
{"level":"info","message":"Created Instance of cookingDialog","timestamp":"2017-09-16T03:01:38.558Z"}
{"level":"info","message":"Created Instance of HelpDialog","timestamp":"2017-09-16T03:01:38.558Z"}
{"level":"info","message":"restify listening to http://127.0.0.1:3978","timestamp":"2017-09-16T03:01:38.574Z"}
{"level":"info","message":"Created Instance of startDialog","timestamp":"2017-09-16T03:03:09.992Z"}
{"level":"info","message":"Created Instance of recipesDialog","timestamp":"2017-09-16T03:03:09.997Z"}
{"level":"info","message":"Created Instance of IngredientsDialog","timestamp":"2017-09-16T03:03:09.998Z"}
{"level":"info","message":"Created Instance of cookingDialog","timestamp":"2017-09-16T03:03:10.000Z"}
{"level":"info","message":"Created Instance of HelpDialog","timestamp":"2017-09-16T03:03:10.002Z"}
{"level":"info","message":"restify listening to http://127.0.0.1:3978","timestamp":"2017-09-16T03:03:10.044Z"}
{"level":"info","message":"Created Instance of startDialog","timestamp":"2017-09-16T03:04:22.477Z"}
{"level":"info","message":"Created Instance of recipesDialog","timestamp":"2017-09-16T03:04:22.477Z"}
{"level":"info","message":"Created Instance of IngredientsDialog","timestamp":"2017-09-16T03:04:22.477Z"}
{"level":"info","message":"Created Instance of cookingDialog","timestamp":"2017-09-16T03:04:22.477Z"}
{"level":"info","message":"Created Instance of HelpDialog","timestamp":"2017-09-16T03:04:22.477Z"}
{"level":"info","message":"restify listening to http://127.0.0.1:3978","timestamp":"2017-09-16T03:04:22.499Z"}
{"level":"info","message":"Created Instance of startDialog","timestamp":"2017-09-16T03:04:49.819Z"}
{"level":"info","message":"Created Instance of recipesDialog","timestamp":"2017-09-16T03:04:49.824Z"}
{"level":"info","message":"Created Instance of IngredientsDialog","timestamp":"2017-09-16T03:04:49.825Z"}
{"level":"info","message":"Created Instance of cookingDialog","timestamp":"2017-09-16T03:04:49.826Z"}
{"level":"info","message":"Created Instance of HelpDialog","timestamp":"2017-09-16T03:04:49.826Z"}
{"level":"info","message":"restify listening to http://127.0.0.1:3978","timestamp":"2017-09-16T03:04:49.841Z"}
{"level":"info","message":"Created Instance of startDialog","timestamp":"2017-09-16T03:05:54.993Z"}
{"level":"info","message":"Created Instance of recipesDialog","timestamp":"2017-09-16T03:05:55.009Z"}
{"level":"info","message":"Created Instance of IngredientsDialog","timestamp":"2017-09-16T03:05:55.009Z"}
{"level":"info","message":"Created Instance of cookingDialog","timestamp":"2017-09-16T03:05:55.009Z"}
{"level":"info","message":"Created Instance of HelpDialog","timestamp":"2017-09-16T03:05:55.009Z"}
{"level":"info","message":"restify listening to http://127.0.0.1:3978","timestamp":"2017-09-16T03:05:55.040Z"}
{"level":"info","message":"Created Instance of startDialog","timestamp":"2017-09-16T03:06:37.680Z"}
{"level":"info","message":"Created Instance of recipesDialog","timestamp":"2017-09-16T03:06:37.695Z"}
{"level":"info","message":"Created Instance of IngredientsDialog","timestamp":"2017-09-16T03:06:37.695Z"}
{"level":"info","message":"Created Instance of cookingDialog","timestamp":"2017-09-16T03:06:37.695Z"}
{"level":"info","message":"Created Instance of HelpDialog","timestamp":"2017-09-16T03:06:37.695Z"}
{"level":"info","message":"restify listening to http://127.0.0.1:3978","timestamp":"2017-09-16T03:06:37.726Z"}
{"level":"info","message":"Created Instance of startDialog","timestamp":"2017-09-16T03:24:30.813Z"}
{"level":"info","message":"Created Instance of recipesDialog","timestamp":"2017-09-16T03:24:30.866Z"}
{"level":"info","message":"Created Instance of IngredientsDialog","timestamp":"2017-09-16T03:24:30.867Z"}
{"level":"info","message":"Created Instance of startDialog","timestamp":"2017-09-16T03:25:20.751Z"}
{"level":"info","message":"Created Instance of recipesDialog","timestamp":"2017-09-16T03:25:20.774Z"}
{"level":"info","message":"Created Instance of IngredientsDialog","timestamp":"2017-09-16T03:25:20.775Z"}
{"level":"info","message":"Created Instance of startDialog","timestamp":"2017-09-16T03:26:31.921Z"}
{"level":"info","message":"Created Instance of recipesDialog","timestamp":"2017-09-16T03:26:31.943Z"}
{"level":"info","message":"Created Instance of IngredientsDialog","timestamp":"2017-09-16T03:26:31.944Z"}
{"level":"info","message":"Created Instance of startDialog","timestamp":"2017-09-16T03:26:46.711Z"}
{"level":"info","message":"Created Instance of recipesDialog","timestamp":"2017-09-16T03:26:46.732Z"}
{"level":"info","message":"Created Instance of IngredientsDialog","timestamp":"2017-09-16T03:26:46.733Z"}
{"level":"info","message":"Created Instance of cookingDialog","timestamp":"2017-09-16T03:26:46.734Z"}
{"level":"info","message":"Created Instance of HelpDialog","timestamp":"2017-09-16T03:26:46.736Z"}
{"level":"info","message":"restify listening to http://127.0.0.1:3978","timestamp":"2017-09-16T03:26:46.762Z"}
{"level":"info","message":"Created Instance of startDialog","timestamp":"2017-09-16T03:28:41.672Z"}
{"level":"info","message":"Created Instance of recipesDialog","timestamp":"2017-09-16T03:28:41.688Z"}
{"level":"info","message":"Created Instance of IngredientsDialog","timestamp":"2017-09-16T03:28:41.688Z"}
{"level":"info","message":"Created Instance of cookingDialog","timestamp":"2017-09-16T03:28:41.688Z"}
{"level":"info","message":"Created Instance of HelpDialog","timestamp":"2017-09-16T03:28:41.688Z"}
{"level":"info","message":"restify listening to http://127.0.0.1:3978","timestamp":"2017-09-16T03:28:41.703Z"}
{"level":"info","message":"Created Instance of startDialog","timestamp":"2017-09-16T03:29:04.374Z"}
{"level":"info","message":"Created Instance of recipesDialog","timestamp":"2017-09-16T03:29:04.406Z"}
{"level":"info","message":"Created Instance of IngredientsDialog","timestamp":"2017-09-16T03:29:04.406Z"}
{"level":"info","message":"Created Instance of cookingDialog","timestamp":"2017-09-16T03:29:04.406Z"}
{"level":"info","message":"Created Instance of HelpDialog","timestamp":"2017-09-16T03:29:04.406Z"}
{"level":"info","message":"restify listening to http://127.0.0.1:3978","timestamp":"2017-09-16T03:29:04.421Z"}
{"level":"info","message":"Created Instance of startDialog","timestamp":"2017-09-16T03:30:19.731Z"}
{"level":"info","message":"Created Instance of recipesDialog","timestamp":"2017-09-16T03:30:19.748Z"}
{"level":"info","message":"Created Instance of IngredientsDialog","timestamp":"2017-09-16T03:30:19.748Z"}
{"level":"info","message":"Created Instance of cookingDialog","timestamp":"2017-09-16T03:30:19.748Z"}
{"level":"info","message":"Created Instance of HelpDialog","timestamp":"2017-09-16T03:30:19.748Z"}
{"level":"info","message":"restify listening to http://127.0.0.1:3978","timestamp":"2017-09-16T03:30:19.764Z"}
{"level":"info","message":"Created Instance of startDialog","timestamp":"2017-09-16T03:32:07.706Z"}
{"level":"info","message":"Created Instance of recipesDialog","timestamp":"2017-09-16T03:32:07.728Z"}
{"level":"info","message":"Created Instance of IngredientsDialog","timestamp":"2017-09-16T03:32:07.728Z"}
{"level":"info","message":"Created Instance of cookingDialog","timestamp":"2017-09-16T03:32:07.744Z"}
{"level":"info","message":"Created Instance of HelpDialog","timestamp":"2017-09-16T03:32:07.744Z"}
{"level":"info","message":"restify listening to http://127.0.0.1:3978","timestamp":"2017-09-16T03:32:07.760Z"}
{"level":"info","message":"Created Instance of startDialog","timestamp":"2017-09-16T03:34:36.793Z"}
{"level":"info","message":"Created Instance of recipesDialog","timestamp":"2017-09-16T03:34:36.816Z"}
{"level":"info","message":"Created Instance of IngredientsDialog","timestamp":"2017-09-16T03:34:36.817Z"}
{"level":"info","message":"Created Instance of cookingDialog","timestamp":"2017-09-16T03:34:36.818Z"}
{"level":"info","message":"Created Instance of HelpDialog","timestamp":"2017-09-16T03:34:36.819Z"}
{"level":"info","message":"restify listening to http://127.0.0.1:3978","timestamp":"2017-09-16T03:34:36.841Z"}
{"level":"info","message":"Created Instance of startDialog","timestamp":"2017-09-16T03:36:08.149Z"}
{"level":"info","message":"Created Instance of recipesDialog","timestamp":"2017-09-16T03:36:08.169Z"}
{"level":"info","message":"Created Instance of IngredientsDialog","timestamp":"2017-09-16T03:36:08.170Z"}
{"level":"info","message":"Created Instance of cookingDialog","timestamp":"2017-09-16T03:36:08.171Z"}
{"level":"info","message":"Created Instance of HelpDialog","timestamp":"2017-09-16T03:36:08.173Z"}
{"level":"info","message":"restify listening to http://127.0.0.1:3978","timestamp":"2017-09-16T03:36:08.196Z"}
{"level":"info","message":"Created Instance of startDialog","timestamp":"2017-09-16T03:37:52.725Z"}
{"level":"info","message":"Created Instance of recipesDialog","timestamp":"2017-09-16T03:37:52.741Z"}
{"level":"info","message":"Created Instance of IngredientsDialog","timestamp":"2017-09-16T03:37:52.741Z"}
{"level":"info","message":"Created Instance of startDialog","timestamp":"2017-09-16T03:38:16.418Z"}
{"level":"info","message":"Created Instance of recipesDialog","timestamp":"2017-09-16T03:38:16.433Z"}
{"level":"info","message":"Created Instance of IngredientsDialog","timestamp":"2017-09-16T03:38:16.433Z"}
{"level":"info","message":"Created Instance of startDialog","timestamp":"2017-09-16T03:38:31.037Z"}
{"level":"info","message":"Created Instance of recipesDialog","timestamp":"2017-09-16T03:38:31.052Z"}
{"level":"info","message":"Created Instance of IngredientsDialog","timestamp":"2017-09-16T03:38:31.052Z"}
{"level":"info","message":"Created Instance of cookingDialog","timestamp":"2017-09-16T03:38:31.052Z"}
{"level":"info","message":"Created Instance of HelpDialog","timestamp":"2017-09-16T03:38:31.052Z"}
{"level":"info","message":"restify listening to http://127.0.0.1:3978","timestamp":"2017-09-16T03:38:31.083Z"}
{"level":"info","message":"Created Instance of startDialog","timestamp":"2017-09-16T03:39:59.212Z"}
{"level":"info","message":"Created Instance of recipesDialog","timestamp":"2017-09-16T03:39:59.227Z"}
{"level":"info","message":"Created Instance of IngredientsDialog","timestamp":"2017-09-16T03:39:59.227Z"}
{"level":"info","message":"Created Instance of cookingDialog","timestamp":"2017-09-16T03:39:59.227Z"}
{"level":"info","message":"Created Instance of HelpDialog","timestamp":"2017-09-16T03:39:59.227Z"}
{"level":"info","message":"restify listening to http://127.0.0.1:3978","timestamp":"2017-09-16T03:39:59.259Z"}
{"level":"info","message":"Created Instance of startDialog","timestamp":"2017-09-16T03:49:45.821Z"}
{"level":"info","message":"Created Instance of recipesDialog","timestamp":"2017-09-16T03:49:45.842Z"}
{"level":"info","message":"Created Instance of IngredientsDialog","timestamp":"2017-09-16T03:49:45.843Z"}
{"level":"info","message":"Created Instance of cookingDialog","timestamp":"2017-09-16T03:49:45.844Z"}
{"level":"info","message":"Created Instance of HelpDialog","timestamp":"2017-09-16T03:49:45.845Z"}
{"level":"info","message":"restify listening to http://127.0.0.1:3978","timestamp":"2017-09-16T03:49:45.867Z"}
{"level":"info","message":"Created Instance of startDialog","timestamp":"2017-09-16T03:50:21.754Z"}
{"level":"info","message":"Created Instance of recipesDialog","timestamp":"2017-09-16T03:50:21.770Z"}
{"level":"info","message":"Created Instance of IngredientsDialog","timestamp":"2017-09-16T03:50:21.770Z"}
{"level":"info","message":"Created Instance of cookingDialog","timestamp":"2017-09-16T03:50:21.770Z"}
{"level":"info","message":"Created Instance of HelpDialog","timestamp":"2017-09-16T03:50:21.770Z"}
{"level":"info","message":"restify listening to http://127.0.0.1:3978","timestamp":"2017-09-16T03:50:21.786Z"}
{"level":"info","message":"Created Instance of startDialog","timestamp":"2017-09-16T03:52:22.536Z"}
{"level":"info","message":"Created Instance of recipesDialog","timestamp":"2017-09-16T03:52:22.575Z"}
{"level":"info","message":"Created Instance of IngredientsDialog","timestamp":"2017-09-16T03:52:22.577Z"}
{"level":"info","message":"Created Instance of cookingDialog","timestamp":"2017-09-16T03:52:22.579Z"}
{"level":"info","message":"Created Instance of HelpDialog","timestamp":"2017-09-16T03:52:22.581Z"}
{"level":"info","message":"restify listening to http://127.0.0.1:3978","timestamp":"2017-09-16T03:52:22.612Z"}
{"level":"info","message":"Created Instance of startDialog","timestamp":"2017-09-16T03:56:41.683Z"}
{"level":"info","message":"Created Instance of recipesDialog","timestamp":"2017-09-16T03:56:41.704Z"}
{"level":"info","message":"Created Instance of IngredientsDialog","timestamp":"2017-09-16T03:56:41.705Z"}
{"level":"info","message":"Created Instance of cookingDialog","timestamp":"2017-09-16T03:56:41.706Z"}
{"level":"info","message":"Created Instance of HelpDialog","timestamp":"2017-09-16T03:56:41.708Z"}
{"level":"info","message":"restify listening to http://127.0.0.1:3978","timestamp":"2017-09-16T03:56:41.731Z"}
{"level":"info","message":"Created Instance of startDialog","timestamp":"2017-09-16T03:57:47.261Z"}
{"level":"info","message":"Created Instance of recipesDialog","timestamp":"2017-09-16T03:57:47.280Z"}
{"level":"info","message":"Created Instance of IngredientsDialog","timestamp":"2017-09-16T03:57:47.280Z"}
{"level":"info","message":"Created Instance of cookingDialog","timestamp":"2017-09-16T03:57:47.280Z"}
{"level":"info","message":"Created Instance of HelpDialog","timestamp":"2017-09-16T03:57:47.280Z"}
{"level":"info","message":"restify listening to http://127.0.0.1:3978","timestamp":"2017-09-16T03:57:47.296Z"}
{"level":"info","message":"Created Instance of startDialog","timestamp":"2017-09-16T03:58:08.767Z"}
{"level":"info","message":"Created Instance of recipesDialog","timestamp":"2017-09-16T03:58:08.783Z"}
{"level":"info","message":"Created Instance of IngredientsDialog","timestamp":"2017-09-16T03:58:08.783Z"}
{"level":"info","message":"Created Instance of cookingDialog","timestamp":"2017-09-16T03:58:08.783Z"}
{"level":"info","message":"Created Instance of HelpDialog","timestamp":"2017-09-16T03:58:08.783Z"}
{"level":"info","message":"restify listening to http://127.0.0.1:3978","timestamp":"2017-09-16T03:58:08.814Z"}
{"level":"info","message":"Created Instance of startDialog","timestamp":"2017-09-16T03:59:19.808Z"}
{"level":"info","message":"Created Instance of recipesDialog","timestamp":"2017-09-16T03:59:19.844Z"}
{"level":"info","message":"Created Instance of IngredientsDialog","timestamp":"2017-09-16T03:59:19.845Z"}
{"level":"info","message":"Created Instance of cookingDialog","timestamp":"2017-09-16T03:59:19.848Z"}
{"level":"info","message":"Created Instance of HelpDialog","timestamp":"2017-09-16T03:59:19.850Z"}
{"level":"info","message":"restify listening to http://127.0.0.1:3978","timestamp":"2017-09-16T03:59:19.891Z"}
{"level":"info","message":"Created Instance of startDialog","timestamp":"2017-09-16T04:05:03.051Z"}
{"level":"info","message":"Created Instance of recipesDialog","timestamp":"2017-09-16T04:05:03.066Z"}
{"level":"info","message":"Created Instance of IngredientsDialog","timestamp":"2017-09-16T04:05:03.066Z"}
{"level":"info","message":"Created Instance of cookingDialog","timestamp":"2017-09-16T04:05:03.066Z"}
{"level":"info","message":"Created Instance of HelpDialog","timestamp":"2017-09-16T04:05:03.066Z"}
{"level":"info","message":"restify listening to http://127.0.0.1:3978","timestamp":"2017-09-16T04:05:03.097Z"}
{"level":"info","message":"Created Instance of startDialog","timestamp":"2017-09-16T04:05:36.018Z"}
{"level":"info","message":"Created Instance of recipesDialog","timestamp":"2017-09-16T04:05:36.050Z"}
{"level":"info","message":"Created Instance of IngredientsDialog","timestamp":"2017-09-16T04:05:36.050Z"}
{"level":"info","message":"Created Instance of cookingDialog","timestamp":"2017-09-16T04:05:36.050Z"}
{"level":"info","message":"Created Instance of HelpDialog","timestamp":"2017-09-16T04:05:36.050Z"}
{"level":"info","message":"restify listening to http://127.0.0.1:3978","timestamp":"2017-09-16T04:05:36.065Z"}
{"level":"info","message":"Created Instance of startDialog","timestamp":"2017-09-16T04:06:03.006Z"}
{"level":"info","message":"Created Instance of recipesDialog","timestamp":"2017-09-16T04:06:03.037Z"}
{"level":"info","message":"Created Instance of IngredientsDialog","timestamp":"2017-09-16T04:06:03.037Z"}
{"level":"info","message":"Created Instance of cookingDialog","timestamp":"2017-09-16T04:06:03.037Z"}
{"level":"info","message":"Created Instance of HelpDialog","timestamp":"2017-09-16T04:06:03.037Z"}
{"level":"info","message":"restify listening to http://127.0.0.1:3978","timestamp":"2017-09-16T04:06:03.053Z"}
{"level":"info","message":"Created Instance of startDialog","timestamp":"2017-09-16T04:06:37.020Z"}
{"level":"info","message":"Created Instance of recipesDialog","timestamp":"2017-09-16T04:06:37.128Z"}
{"level":"info","message":"Created Instance of IngredientsDialog","timestamp":"2017-09-16T04:06:37.130Z"}
{"level":"info","message":"Created Instance of cookingDialog","timestamp":"2017-09-16T04:06:37.132Z"}
{"level":"info","message":"Created Instance of HelpDialog","timestamp":"2017-09-16T04:06:37.134Z"}
{"level":"info","message":"restify listening to http://127.0.0.1:3978","timestamp":"2017-09-16T04:06:37.169Z"}
